<?xml version="1.0" encoding="UTF-8"?>
<testsuite name="org.example.todoapp2.ToDoApp2ApplicationTests" tests="1" skipped="0" failures="0" errors="0" timestamp="2024-06-26T11:01:03" hostname="vc.local" time="0.299">
  <properties/>
  <testcase name="contextLoads()" classname="org.example.todoapp2.ToDoApp2ApplicationTests" time="0.299"/>
  <system-out><![CDATA[13:01:01.321 [Test worker] INFO org.springframework.test.context.support.AnnotationConfigContextLoaderUtils -- Could not detect default configuration classes for test class [org.example.todoapp2.ToDoApp2ApplicationTests]: ToDoApp2ApplicationTests does not declare any static, non-private, non-final, nested classes annotated with @Configuration.
13:01:01.363 [Test worker] INFO org.springframework.boot.test.context.SpringBootTestContextBootstrapper -- Found @SpringBootConfiguration org.example.todoapp2.Application for test class org.example.todoapp2.ToDoApp2ApplicationTests

  _______           _____
 |__   __|         |  __ \                /\
    | |      ___   | |  | |   ___        /  \     _ __    _ __
    | |     / _ \  | |  | |  / _ \      / /\ \   | '_ \  | '_ \
    | |    | (_) | | |__| | | (_) |    / ____ \  | |_) | | |_) |
    |_|     \___/  |_____/   \___/    /_/    \_\ | .__/  | .__/
                                                 | |     | |
                                                 |_|     |_|


2024-06-26T13:01:01.525+02:00  INFO 60196 --- [ToDoApp2] [    Test worker] o.e.todoapp2.ToDoApp2ApplicationTests    : Starting ToDoApp2ApplicationTests using Java 21.0.3 with PID 60196 (started by dasa in /Users/dasa/JavaProjekty/ToDoApp)
2024-06-26T13:01:01.527+02:00  INFO 60196 --- [ToDoApp2] [    Test worker] o.e.todoapp2.ToDoApp2ApplicationTests    : No active profile set, falling back to 1 default profile: "default"
2024-06-26T13:01:01.767+02:00  INFO 60196 --- [ToDoApp2] [    Test worker] .s.d.r.c.RepositoryConfigurationDelegate : Bootstrapping Spring Data JPA repositories in DEFAULT mode.
2024-06-26T13:01:01.789+02:00  INFO 60196 --- [ToDoApp2] [    Test worker] .s.d.r.c.RepositoryConfigurationDelegate : Finished Spring Data repository scanning in 19 ms. Found 1 JPA repository interface.
2024-06-26T13:01:01.986+02:00  INFO 60196 --- [ToDoApp2] [    Test worker] o.hibernate.jpa.internal.util.LogHelper  : HHH000204: Processing PersistenceUnitInfo [name: default]
2024-06-26T13:01:02.006+02:00  INFO 60196 --- [ToDoApp2] [    Test worker] org.hibernate.Version                    : HHH000412: Hibernate ORM core version 6.5.2.Final
2024-06-26T13:01:02.019+02:00  INFO 60196 --- [ToDoApp2] [    Test worker] o.h.c.internal.RegionFactoryInitiator    : HHH000026: Second-level cache disabled
2024-06-26T13:01:02.146+02:00  INFO 60196 --- [ToDoApp2] [    Test worker] o.s.o.j.p.SpringPersistenceUnitInfo      : No LoadTimeWeaver setup: ignoring JPA class transformer
2024-06-26T13:01:02.158+02:00  INFO 60196 --- [ToDoApp2] [    Test worker] com.zaxxer.hikari.HikariDataSource       : HikariPool-1 - Starting...
2024-06-26T13:01:02.393+02:00  INFO 60196 --- [ToDoApp2] [    Test worker] com.zaxxer.hikari.pool.HikariPool        : HikariPool-1 - Added connection com.mysql.cj.jdbc.ConnectionImpl@315cf170
2024-06-26T13:01:02.394+02:00  INFO 60196 --- [ToDoApp2] [    Test worker] com.zaxxer.hikari.HikariDataSource       : HikariPool-1 - Start completed.
2024-06-26T13:01:02.766+02:00  INFO 60196 --- [ToDoApp2] [    Test worker] o.h.e.t.j.p.i.JtaPlatformInitiator       : HHH000489: No JTA platform available (set 'hibernate.transaction.jta.platform' to enable JTA platform integration)
2024-06-26T13:01:02.848+02:00  INFO 60196 --- [ToDoApp2] [    Test worker] j.LocalContainerEntityManagerFactoryBean : Initialized JPA EntityManagerFactory for persistence unit 'default'
2024-06-26T13:01:03.008+02:00  WARN 60196 --- [ToDoApp2] [    Test worker] JpaBaseConfiguration$JpaWebConfiguration : spring.jpa.open-in-view is enabled by default. Therefore, database queries may be performed during view rendering. Explicitly configure spring.jpa.open-in-view to disable this warning
2024-06-26T13:01:03.019+02:00  INFO 60196 --- [ToDoApp2] [    Test worker] o.s.b.a.w.s.WelcomePageHandlerMapping    : Adding welcome page template: index
2024-06-26T13:01:03.195+02:00  INFO 60196 --- [ToDoApp2] [    Test worker] o.e.todoapp2.ToDoApp2ApplicationTests    : Started ToDoApp2ApplicationTests in 1.766 seconds (process running for 2.257)
]]></system-out>
  <system-err><![CDATA[WARNING: A Java agent has been loaded dynamically (/Users/dasa/.gradle/caches/modules-2/files-2.1/net.bytebuddy/byte-buddy-agent/1.14.17/e3c251a39dc90badaf71c83427ba46840f219d8d/byte-buddy-agent-1.14.17.jar)
WARNING: If a serviceability tool is in use, please run with -XX:+EnableDynamicAgentLoading to hide this warning
WARNING: If a serviceability tool is not in use, please run with -Djdk.instrument.traceUsage for more information
WARNING: Dynamic loading of agents will be disallowed by default in a future release
]]></system-err>
</testsuite>
